2021-12-21 10:09:22: FTP: Server rejected UTF-8 that it promised us: Unknown command
2021-12-21 10:09:22: == Sync Started by User Command
2021-12-21 10:09:24: Create Folder G:/My Drive/Social Pinpoint/Product/Design System/DS Master/master-styles/Demo Brand Master
2021-12-21 10:09:24: Create Folder G:/My Drive/Social Pinpoint/Product/Design System/DS Master/master-styles/Icons Master
2021-12-21 10:09:24: Create Folder G:/My Drive/Social Pinpoint/Product/Design System/DS Master/master-styles/Icons Master/Icon
2021-12-21 10:09:24: Create Folder G:/My Drive/Social Pinpoint/Product/Design System/DS Master/master-styles/Icons Master/Icon/brand
2021-12-21 10:09:24: Create Folder G:/My Drive/Social Pinpoint/Product/Design System/DS Master/master-styles/live
2021-12-21 10:09:24: Create Folder G:/My Drive/Social Pinpoint/Product/Design System/DS Master/master-styles/Master Styles
2021-12-21 10:09:24: Create Folder G:/My Drive/Social Pinpoint/Product/Design System/DS Master/master-styles/mockups
2021-12-21 10:09:24: Create Folder G:/My Drive/Social Pinpoint/Product/Design System/DS Master/master-styles/mockups/Admin
2021-12-21 10:09:24: Create Folder G:/My Drive/Social Pinpoint/Product/Design System/DS Master/master-styles/mockups/Components
2021-12-21 10:09:24: Create Folder G:/My Drive/Social Pinpoint/Product/Design System/DS Master/master-styles/mockups/Components/assets
2021-12-21 10:09:24: Create Folder G:/My Drive/Social Pinpoint/Product/Design System/DS Master/master-styles/mockups/misc
2021-12-21 10:09:24: Create Folder G:/My Drive/Social Pinpoint/Product/Design System/DS Master/master-styles/mockups/Tools
2021-12-21 10:09:24: Create Folder G:/My Drive/Social Pinpoint/Product/Design System/DS Master/master-styles/mockups/Tools/idea-wall
2021-12-21 10:09:24: FTP: Server rejected UTF-8 that it promised us: Unknown command
2021-12-21 10:09:25: FTP: Server rejected UTF-8 that it promised us: Unknown command
2021-12-21 10:09:25: Copy New 'ftp://ftp.lukebennis.com:21/public_html/ds-master/color-picker-ui.png' -> 'G:/My Drive/Social Pinpoint/Product/Design System/DS Master/master-styles/color-picker-ui.png' (18,091)
2021-12-21 10:09:25: FTP: Server rejected UTF-8 that it promised us: Unknown command
2021-12-21 10:09:26: Copy New 'ftp://ftp.lukebennis.com:21/public_html/ds-master/comment-paper-corner.png' -> 'G:/My Drive/Social Pinpoint/Product/Design System/DS Master/master-styles/comment-paper-corner.png' (2,926)
2021-12-21 10:09:26: Copy New 'ftp://ftp.lukebennis.com:21/public_html/ds-master/Demo Brand Master/demo-brand-image-1.jpg' -> 'G:/My Drive/Social Pinpoint/Product/Design System/DS Master/master-styles/Demo Brand Master/demo-brand-image-1.jpg' (246,663)
2021-12-21 10:09:26: Copy New 'ftp://ftp.lukebennis.com:21/public_html/ds-master/Demo Brand Master/demo-brand-image-3.jpg' -> 'G:/My Drive/Social Pinpoint/Product/Design System/DS Master/master-styles/Demo Brand Master/demo-brand-image-3.jpg' (426,351)
2021-12-21 10:09:26: Copy New 'ftp://ftp.lukebennis.com:21/public_html/ds-master/Demo Brand Master/demo-brand-image-2.jpg' -> 'G:/My Drive/Social Pinpoint/Product/Design System/DS Master/master-styles/Demo Brand Master/demo-brand-image-2.jpg' (159,934)
2021-12-21 10:09:26: Copy New 'ftp://ftp.lukebennis.com:21/public_html/ds-master/Demo Brand Master/demo-brand-image-10.jpg' -> 'G:/My Drive/Social Pinpoint/Product/Design System/DS Master/master-styles/Demo Brand Master/demo-brand-image-10.jpg' (362,371)
2021-12-21 10:09:27: Copy New 'ftp://ftp.lukebennis.com:21/public_html/ds-master/Demo Brand Master/demo-brand-image-4.jpg' -> 'G:/My Drive/Social Pinpoint/Product/Design System/DS Master/master-styles/Demo Brand Master/demo-brand-image-4.jpg' (369,043)
2021-12-21 10:09:27: Copy New 'ftp://ftp.lukebennis.com:21/public_html/ds-master/Demo Brand Master/demo-brand-image-5.jpg' -> 'G:/My Drive/Social Pinpoint/Product/Design System/DS Master/master-styles/Demo Brand Master/demo-brand-image-5.jpg' (443,515)
2021-12-21 10:09:27: Copy New 'ftp://ftp.lukebennis.com:21/public_html/ds-master/Demo Brand Master/demo-brand-image-6.jpg' -> 'G:/My Drive/Social Pinpoint/Product/Design System/DS Master/master-styles/Demo Brand Master/demo-brand-image-6.jpg' (477,895)
2021-12-21 10:09:28: Copy New 'ftp://ftp.lukebennis.com:21/public_html/ds-master/Demo Brand Master/demo-brand-image-7.jpg' -> 'G:/My Drive/Social Pinpoint/Product/Design System/DS Master/master-styles/Demo Brand Master/demo-brand-image-7.jpg' (256,675)
2021-12-21 10:09:28: Copy New 'ftp://ftp.lukebennis.com:21/public_html/ds-master/Demo Brand Master/demo-brand-image-8.jpg' -> 'G:/My Drive/Social Pinpoint/Product/Design System/DS Master/master-styles/Demo Brand Master/demo-brand-image-8.jpg' (469,804)
2021-12-21 10:09:28: Copy New 'ftp://ftp.lukebennis.com:21/public_html/ds-master/Demo Brand Master/demo-brand-image-9.jpg' -> 'G:/My Drive/Social Pinpoint/Product/Design System/DS Master/master-styles/Demo Brand Master/demo-brand-image-9.jpg' (231,448)
2021-12-21 10:09:28: Copy New 'ftp://ftp.lukebennis.com:21/public_html/ds-master/Demo Brand Master/demo-brand-logo-landscape.png' -> 'G:/My Drive/Social Pinpoint/Product/Design System/DS Master/master-styles/Demo Brand Master/demo-brand-logo-landscape.png' (9,679)
2021-12-21 10:09:28: Copy New 'ftp://ftp.lukebennis.com:21/public_html/ds-master/Demo Brand Master/demo-brand-logo-landscape-reversed.png' -> 'G:/My Drive/Social Pinpoint/Product/Design System/DS Master/master-styles/Demo Brand Master/demo-brand-logo-landscape-reversed.png' (7,379)
2021-12-21 10:09:28: Copy New 'ftp://ftp.lukebennis.com:21/public_html/ds-master/Icons Master/Icon/account.svg' -> 'G:/My Drive/Social Pinpoint/Product/Design System/DS Master/master-styles/Icons Master/Icon/account.svg' (927)
2021-12-21 10:09:28: Copy New 'ftp://ftp.lukebennis.com:21/public_html/ds-master/Icons Master/Group 315.svg' -> 'G:/My Drive/Social Pinpoint/Product/Design System/DS Master/master-styles/Icons Master/Group 315.svg' (2,289)
2021-12-21 10:09:28: Copy New 'ftp://ftp.lukebennis.com:21/public_html/ds-master/Icons Master/Icon/Add.svg' -> 'G:/My Drive/Social Pinpoint/Product/Design System/DS Master/master-styles/Icons Master/Icon/Add.svg' (1,016)
2021-12-21 10:09:28: Copy New 'ftp://ftp.lukebennis.com:21/public_html/ds-master/Icons Master/Group 311.svg' -> 'G:/My Drive/Social Pinpoint/Product/Design System/DS Master/master-styles/Icons Master/Group 311.svg' (2,440)
2021-12-21 10:09:29: Copy New 'ftp://ftp.lukebennis.com:21/public_html/ds-master/Icons Master/Icon/align-left.svg' -> 'G:/My Drive/Social Pinpoint/Product/Design System/DS Master/master-styles/Icons Master/Icon/align-left.svg' (407)
2021-12-21 10:09:29: Copy New 'ftp://ftp.lukebennis.com:21/public_html/ds-master/Icons Master/Icon/align-center.svg' -> 'G:/My Drive/Social Pinpoint/Product/Design System/DS Master/master-styles/Icons Master/Icon/align-center.svg' (407)
2021-12-21 10:09:29: Copy New 'ftp://ftp.lukebennis.com:21/public_html/ds-master/Icons Master/Icon/align-right.svg' -> 'G:/My Drive/Social Pinpoint/Product/Design System/DS Master/master-styles/Icons Master/Icon/align-right.svg' (408)
2021-12-21 10:09:29: Copy New 'ftp://ftp.lukebennis.com:21/public_html/ds-master/Icons Master/Icon/az.svg' -> 'G:/My Drive/Social Pinpoint/Product/Design System/DS Master/master-styles/Icons Master/Icon/az.svg' (539)
2021-12-21 10:09:29: Copy New 'ftp://ftp.lukebennis.com:21/public_html/ds-master/Icons Master/Icon/banner-split.svg' -> 'G:/My Drive/Social Pinpoint/Product/Design System/DS Master/master-styles/Icons Master/Icon/banner-split.svg' (1,493)
2021-12-21 10:09:29: Copy New 'ftp://ftp.lukebennis.com:21/public_html/ds-master/Icons Master/Icon/banner-stacked.svg' -> 'G:/My Drive/Social Pinpoint/Product/Design System/DS Master/master-styles/Icons Master/Icon/banner-stacked.svg' (1,789)
2021-12-21 10:09:30: Copy New 'ftp://ftp.lukebennis.com:21/public_html/ds-master/Icons Master/Icon/banner-standard.svg' -> 'G:/My Drive/Social Pinpoint/Product/Design System/DS Master/master-styles/Icons Master/Icon/banner-standard.svg' (1,033)
2021-12-21 10:09:30: Copy New 'ftp://ftp.lukebennis.com:21/public_html/ds-master/Icons Master/Icon/brand/apple.svg' -> 'G:/My Drive/Social Pinpoint/Product/Design System/DS Master/master-styles/Icons Master/Icon/brand/apple.svg' (880)
2021-12-21 10:09:30: Copy New 'ftp://ftp.lukebennis.com:21/public_html/ds-master/Icons Master/Icon/brand/android.svg' -> 'G:/My Drive/Social Pinpoint/Product/Design System/DS Master/master-styles/Icons Master/Icon/brand/android.svg' (1,601)
2021-12-21 10:09:30: Copy New 'ftp://ftp.lukebennis.com:21/public_html/ds-master/Icons Master/Icon/brand/edge.svg' -> 'G:/My Drive/Social Pinpoint/Product/Design System/DS Master/master-styles/Icons Master/Icon/brand/edge.svg' (664)
2021-12-21 10:09:30: Copy New 'ftp://ftp.lukebennis.com:21/public_html/ds-master/Icons Master/Icon/brand/firefox.svg' -> 'G:/My Drive/Social Pinpoint/Product/Design System/DS Master/master-styles/Icons Master/Icon/brand/firefox.svg' (4,367)
2021-12-21 10:09:30: Copy New 'ftp://ftp.lukebennis.com:21/public_html/ds-master/Icons Master/Icon/brand/chrome.svg' -> 'G:/My Drive/Social Pinpoint/Product/Design System/DS Master/master-styles/Icons Master/Icon/brand/chrome.svg' (941)
2021-12-21 10:09:30: Copy New 'ftp://ftp.lukebennis.com:21/public_html/ds-master/Icons Master/Icon/brand/ie.svg' -> 'G:/My Drive/Social Pinpoint/Product/Design System/DS Master/master-styles/Icons Master/Icon/brand/ie.svg' (1,123)
2021-12-21 10:09:30: Copy New 'ftp://ftp.lukebennis.com:21/public_html/ds-master/Icons Master/Icon/brand/opera.svg' -> 'G:/My Drive/Social Pinpoint/Product/Design System/DS Master/master-styles/Icons Master/Icon/brand/opera.svg' (817)
2021-12-21 10:09:30: Copy New 'ftp://ftp.lukebennis.com:21/public_html/ds-master/Icons Master/Icon/brand/linux.svg' -> 'G:/My Drive/Social Pinpoint/Product/Design System/DS Master/master-styles/Icons Master/Icon/brand/linux.svg' (5,087)
2021-12-21 10:09:31: Copy New 'ftp://ftp.lukebennis.com:21/public_html/ds-master/Icons Master/Icon/brand/safari.svg' -> 'G:/My Drive/Social Pinpoint/Product/Design System/DS Master/master-styles/Icons Master/Icon/brand/safari.svg' (2,467)
2021-12-21 10:09:31: Copy New 'ftp://ftp.lukebennis.com:21/public_html/ds-master/Icons Master/Icon/brand/spp-small.svg' -> 'G:/My Drive/Social Pinpoint/Product/Design System/DS Master/master-styles/Icons Master/Icon/brand/spp-small.svg' (1,952)
2021-12-21 10:09:31: Copy New 'ftp://ftp.lukebennis.com:21/public_html/ds-master/Icons Master/Icon/brand/spp.svg' -> 'G:/My Drive/Social Pinpoint/Product/Design System/DS Master/master-styles/Icons Master/Icon/brand/spp.svg' (2,106)
2021-12-21 10:09:31: Copy New 'ftp://ftp.lukebennis.com:21/public_html/ds-master/Icons Master/Icon/breadcrumb.svg' -> 'G:/My Drive/Social Pinpoint/Product/Design System/DS Master/master-styles/Icons Master/Icon/breadcrumb.svg' (953)
2021-12-21 10:09:31: Copy New 'ftp://ftp.lukebennis.com:21/public_html/ds-master/Icons Master/Icon/brand/windows.svg' -> 'G:/My Drive/Social Pinpoint/Product/Design System/DS Master/master-styles/Icons Master/Icon/brand/windows.svg' (358)
2021-12-21 10:09:31: Copy New 'ftp://ftp.lukebennis.com:21/public_html/ds-master/Icons Master/Icon/brand/ubunto.svg' -> 'G:/My Drive/Social Pinpoint/Product/Design System/DS Master/master-styles/Icons Master/Icon/brand/ubunto.svg' (1,451)
2021-12-21 10:09:32: Copy New 'ftp://ftp.lukebennis.com:21/public_html/ds-master/Icons Master/Icon/budget.svg' -> 'G:/My Drive/Social Pinpoint/Product/Design System/DS Master/master-styles/Icons Master/Icon/budget.svg' (5,954)
2021-12-21 10:09:32: Copy New 'ftp://ftp.lukebennis.com:21/public_html/ds-master/Icons Master/Icon/button.svg' -> 'G:/My Drive/Social Pinpoint/Product/Design System/DS Master/master-styles/Icons Master/Icon/button.svg' (1,414)
2021-12-21 10:09:32: Copy New 'ftp://ftp.lukebennis.com:21/public_html/ds-master/Icons Master/Icon/Calendar.svg' -> 'G:/My Drive/Social Pinpoint/Product/Design System/DS Master/master-styles/Icons Master/Icon/Calendar.svg' (1,347)
2021-12-21 10:09:32: Copy New 'ftp://ftp.lukebennis.com:21/public_html/ds-master/Icons Master/Icon/checkbox-false.svg' -> 'G:/My Drive/Social Pinpoint/Product/Design System/DS Master/master-styles/Icons Master/Icon/checkbox-false.svg' (341)
2021-12-21 10:09:32: Copy New 'ftp://ftp.lukebennis.com:21/public_html/ds-master/Icons Master/Icon/checkbox-true.svg' -> 'G:/My Drive/Social Pinpoint/Product/Design System/DS Master/master-styles/Icons Master/Icon/checkbox-true.svg' (413)
2021-12-21 10:09:32: Copy New 'ftp://ftp.lukebennis.com:21/public_html/ds-master/Icons Master/Icon/chevron-down.svg' -> 'G:/My Drive/Social Pinpoint/Product/Design System/DS Master/master-styles/Icons Master/Icon/chevron-down.svg' (482)
2021-12-21 10:09:33: Copy New 'ftp://ftp.lukebennis.com:21/public_html/ds-master/Icons Master/Icon/chevron-up-down.svg' -> 'G:/My Drive/Social Pinpoint/Product/Design System/DS Master/master-styles/Icons Master/Icon/chevron-up-down.svg' (324)
2021-12-21 10:09:33: Copy New 'ftp://ftp.lukebennis.com:21/public_html/ds-master/Icons Master/Icon/chevron-right.svg' -> 'G:/My Drive/Social Pinpoint/Product/Design System/DS Master/master-styles/Icons Master/Icon/chevron-right.svg' (484)
2021-12-21 10:09:33: Copy New 'ftp://ftp.lukebennis.com:21/public_html/ds-master/Icons Master/Icon/chevron-left.svg' -> 'G:/My Drive/Social Pinpoint/Product/Design System/DS Master/master-styles/Icons Master/Icon/chevron-left.svg' (482)
2021-12-21 10:09:33: Copy New 'ftp://ftp.lukebennis.com:21/public_html/ds-master/Icons Master/Icon/chevron-up.svg' -> 'G:/My Drive/Social Pinpoint/Product/Design System/DS Master/master-styles/Icons Master/Icon/chevron-up.svg' (480)
2021-12-21 10:09:33: Copy New 'ftp://ftp.lukebennis.com:21/public_html/ds-master/Icons Master/Icon/clock.svg' -> 'G:/My Drive/Social Pinpoint/Product/Design System/DS Master/master-styles/Icons Master/Icon/clock.svg' (783)
2021-12-21 10:09:33: Copy New 'ftp://ftp.lukebennis.com:21/public_html/ds-master/Icons Master/Icon/collaps-close.svg' -> 'G:/My Drive/Social Pinpoint/Product/Design System/DS Master/master-styles/Icons Master/Icon/collaps-close.svg' (581)
2021-12-21 10:09:33: Copy New 'ftp://ftp.lukebennis.com:21/public_html/ds-master/Icons Master/Icon/collaps-open.svg' -> 'G:/My Drive/Social Pinpoint/Product/Design System/DS Master/master-styles/Icons Master/Icon/collaps-open.svg' (578)
2021-12-21 10:09:34: Copy New 'ftp://ftp.lukebennis.com:21/public_html/ds-master/Icons Master/Icon/columns-one.svg' -> 'G:/My Drive/Social Pinpoint/Product/Design System/DS Master/master-styles/Icons Master/Icon/columns-one.svg' (455)
2021-12-21 10:09:34: Copy New 'ftp://ftp.lukebennis.com:21/public_html/ds-master/Icons Master/Icon/columns-sidebar-left.svg' -> 'G:/My Drive/Social Pinpoint/Product/Design System/DS Master/master-styles/Icons Master/Icon/columns-sidebar-left.svg' (601)
2021-12-21 10:09:34: Copy New 'ftp://ftp.lukebennis.com:21/public_html/ds-master/Icons Master/Icon/Color.svg' -> 'G:/My Drive/Social Pinpoint/Product/Design System/DS Master/master-styles/Icons Master/Icon/Color.svg' (5,674)
2021-12-21 10:09:34: Copy New 'ftp://ftp.lukebennis.com:21/public_html/ds-master/Icons Master/Icon/columns-three.svg' -> 'G:/My Drive/Social Pinpoint/Product/Design System/DS Master/master-styles/Icons Master/Icon/columns-three.svg' (747)
2021-12-21 10:09:34: Copy New 'ftp://ftp.lukebennis.com:21/public_html/ds-master/Icons Master/Icon/columns-two.svg' -> 'G:/My Drive/Social Pinpoint/Product/Design System/DS Master/master-styles/Icons Master/Icon/columns-two.svg' (601)
2021-12-21 10:09:34: Copy New 'ftp://ftp.lukebennis.com:21/public_html/ds-master/Icons Master/Icon/columns-sidebar-right.svg' -> 'G:/My Drive/Social Pinpoint/Product/Design System/DS Master/master-styles/Icons Master/Icon/columns-sidebar-right.svg' (664)
2021-12-21 10:09:34: Copy New 'ftp://ftp.lukebennis.com:21/public_html/ds-master/Icons Master/Icon/copy.svg' -> 'G:/My Drive/Social Pinpoint/Product/Design System/DS Master/master-styles/Icons Master/Icon/copy.svg' (1,097)
2021-12-21 10:09:34: Copy New 'ftp://ftp.lukebennis.com:21/public_html/ds-master/Icons Master/Icon/comment.svg' -> 'G:/My Drive/Social Pinpoint/Product/Design System/DS Master/master-styles/Icons Master/Icon/comment.svg' (592)
2021-12-21 10:09:34: Copy New 'ftp://ftp.lukebennis.com:21/public_html/ds-master/Icons Master/Icon/cross.svg' -> 'G:/My Drive/Social Pinpoint/Product/Design System/DS Master/master-styles/Icons Master/Icon/cross.svg' (747)
2021-12-21 10:09:35: Copy New 'ftp://ftp.lukebennis.com:21/public_html/ds-master/Icons Master/Icon/dashboard.svg' -> 'G:/My Drive/Social Pinpoint/Product/Design System/DS Master/master-styles/Icons Master/Icon/dashboard.svg' (2,475)
2021-12-21 10:09:35: Copy New 'ftp://ftp.lukebennis.com:21/public_html/ds-master/Icons Master/Icon/cta.svg' -> 'G:/My Drive/Social Pinpoint/Product/Design System/DS Master/master-styles/Icons Master/Icon/cta.svg' (4,583)
2021-12-21 10:09:35: Copy New 'ftp://ftp.lukebennis.com:21/public_html/ds-master/Icons Master/Icon/delete.svg' -> 'G:/My Drive/Social Pinpoint/Product/Design System/DS Master/master-styles/Icons Master/Icon/delete.svg' (1,602)
2021-12-21 10:09:35: Copy New 'ftp://ftp.lukebennis.com:21/public_html/ds-master/Icons Master/Icon/desktop.svg' -> 'G:/My Drive/Social Pinpoint/Product/Design System/DS Master/master-styles/Icons Master/Icon/desktop.svg' (1,025)
2021-12-21 10:09:35: Copy New 'ftp://ftp.lukebennis.com:21/public_html/ds-master/Icons Master/Icon/discuss.svg' -> 'G:/My Drive/Social Pinpoint/Product/Design System/DS Master/master-styles/Icons Master/Icon/discuss.svg' (1,208)
2021-12-21 10:09:36: Copy New 'ftp://ftp.lukebennis.com:21/public_html/ds-master/Icons Master/Icon/dislike-accent.svg' -> 'G:/My Drive/Social Pinpoint/Product/Design System/DS Master/master-styles/Icons Master/Icon/dislike-accent.svg' (2,805)
2021-12-21 10:09:36: Copy New 'ftp://ftp.lukebennis.com:21/public_html/ds-master/Icons Master/Icon/download.svg' -> 'G:/My Drive/Social Pinpoint/Product/Design System/DS Master/master-styles/Icons Master/Icon/download.svg' (976)
2021-12-21 10:09:36: Copy New 'ftp://ftp.lukebennis.com:21/public_html/ds-master/Icons Master/Icon/dislike.svg' -> 'G:/My Drive/Social Pinpoint/Product/Design System/DS Master/master-styles/Icons Master/Icon/dislike.svg' (1,444)
2021-12-21 10:09:37: Copy New 'ftp://ftp.lukebennis.com:21/public_html/ds-master/Icons Master/Icon/drag-drop.svg' -> 'G:/My Drive/Social Pinpoint/Product/Design System/DS Master/master-styles/Icons Master/Icon/drag-drop.svg' (6,016)
2021-12-21 10:09:37: Copy New 'ftp://ftp.lukebennis.com:21/public_html/ds-master/Icons Master/Icon/Edit.svg' -> 'G:/My Drive/Social Pinpoint/Product/Design System/DS Master/master-styles/Icons Master/Icon/Edit.svg' (467)
2021-12-21 10:09:37: Copy New 'ftp://ftp.lukebennis.com:21/public_html/ds-master/Icons Master/Icon/downloads.svg' -> 'G:/My Drive/Social Pinpoint/Product/Design System/DS Master/master-styles/Icons Master/Icon/downloads.svg' (1,427)
2021-12-21 10:09:37: Copy New 'ftp://ftp.lukebennis.com:21/public_html/ds-master/Icons Master/Icon/expand.svg' -> 'G:/My Drive/Social Pinpoint/Product/Design System/DS Master/master-styles/Icons Master/Icon/expand.svg' (1,064)
2021-12-21 10:09:37: Copy New 'ftp://ftp.lukebennis.com:21/public_html/ds-master/Icons Master/Icon/engagements.svg' -> 'G:/My Drive/Social Pinpoint/Product/Design System/DS Master/master-styles/Icons Master/Icon/engagements.svg' (3,708)
2021-12-21 10:09:37: Copy New 'ftp://ftp.lukebennis.com:21/public_html/ds-master/Icons Master/Icon/event.svg' -> 'G:/My Drive/Social Pinpoint/Product/Design System/DS Master/master-styles/Icons Master/Icon/event.svg' (2,671)
2021-12-21 10:09:38: Copy New 'ftp://ftp.lukebennis.com:21/public_html/ds-master/Icons Master/Icon/external-link.svg' -> 'G:/My Drive/Social Pinpoint/Product/Design System/DS Master/master-styles/Icons Master/Icon/external-link.svg' (1,560)
2021-12-21 10:09:38: Copy New 'ftp://ftp.lukebennis.com:21/public_html/ds-master/Icons Master/Icon/export.svg' -> 'G:/My Drive/Social Pinpoint/Product/Design System/DS Master/master-styles/Icons Master/Icon/export.svg' (2,064)
2021-12-21 10:09:38: Copy New 'ftp://ftp.lukebennis.com:21/public_html/ds-master/Icons Master/Icon/faq.svg' -> 'G:/My Drive/Social Pinpoint/Product/Design System/DS Master/master-styles/Icons Master/Icon/faq.svg' (415)
2021-12-21 10:09:40: Copy New 'ftp://ftp.lukebennis.com:21/public_html/ds-master/Icons Master/Icon/forum.svg' -> 'G:/My Drive/Social Pinpoint/Product/Design System/DS Master/master-styles/Icons Master/Icon/forum.svg' (2,592)
2021-12-21 10:09:40: Copy New 'ftp://ftp.lukebennis.com:21/public_html/ds-master/Icons Master/Icon/follow-us.svg' -> 'G:/My Drive/Social Pinpoint/Product/Design System/DS Master/master-styles/Icons Master/Icon/follow-us.svg' (9,822)
2021-12-21 10:09:40: Copy New 'ftp://ftp.lukebennis.com:21/public_html/ds-master/Icons Master/Icon/filter.svg' -> 'G:/My Drive/Social Pinpoint/Product/Design System/DS Master/master-styles/Icons Master/Icon/filter.svg' (696)
2021-12-21 10:09:41: Copy New 'ftp://ftp.lukebennis.com:21/public_html/ds-master/Icons Master/Icon/hand-right.svg' -> 'G:/My Drive/Social Pinpoint/Product/Design System/DS Master/master-styles/Icons Master/Icon/hand-right.svg' (1,575)
2021-12-21 10:09:41: Copy New 'ftp://ftp.lukebennis.com:21/public_html/ds-master/Icons Master/Icon/gallery-grid.svg' -> 'G:/My Drive/Social Pinpoint/Product/Design System/DS Master/master-styles/Icons Master/Icon/gallery-grid.svg' (3,235)
2021-12-21 10:09:41: Copy New 'ftp://ftp.lukebennis.com:21/public_html/ds-master/Icons Master/Icon/gallery-slider.svg' -> 'G:/My Drive/Social Pinpoint/Product/Design System/DS Master/master-styles/Icons Master/Icon/gallery-slider.svg' (2,611)
2021-12-21 10:09:41: Copy New 'ftp://ftp.lukebennis.com:21/public_html/ds-master/Icons Master/Icon/home.svg' -> 'G:/My Drive/Social Pinpoint/Product/Design System/DS Master/master-styles/Icons Master/Icon/home.svg' (933)
2021-12-21 10:09:41: Copy New 'ftp://ftp.lukebennis.com:21/public_html/ds-master/Icons Master/Icon/idea-wall.svg' -> 'G:/My Drive/Social Pinpoint/Product/Design System/DS Master/master-styles/Icons Master/Icon/idea-wall.svg' (1,733)
2021-12-21 10:09:41: Copy New 'ftp://ftp.lukebennis.com:21/public_html/ds-master/Icons Master/Icon/image.svg' -> 'G:/My Drive/Social Pinpoint/Product/Design System/DS Master/master-styles/Icons Master/Icon/image.svg' (865)
2021-12-21 10:09:41: Copy New 'ftp://ftp.lukebennis.com:21/public_html/ds-master/Icons Master/Icon/layer.svg' -> 'G:/My Drive/Social Pinpoint/Product/Design System/DS Master/master-styles/Icons Master/Icon/layer.svg' (1,685)
2021-12-21 10:09:42: Copy New 'ftp://ftp.lukebennis.com:21/public_html/ds-master/Icons Master/Icon/import.svg' -> 'G:/My Drive/Social Pinpoint/Product/Design System/DS Master/master-styles/Icons Master/Icon/import.svg' (1,347)
2021-12-21 10:09:42: Copy New 'ftp://ftp.lukebennis.com:21/public_html/ds-master/Icons Master/Icon/Info.svg' -> 'G:/My Drive/Social Pinpoint/Product/Design System/DS Master/master-styles/Icons Master/Icon/Info.svg' (1,016)
2021-12-21 10:09:42: Copy New 'ftp://ftp.lukebennis.com:21/public_html/ds-master/Icons Master/Icon/light-rays.svg' -> 'G:/My Drive/Social Pinpoint/Product/Design System/DS Master/master-styles/Icons Master/Icon/light-rays.svg' (780)
2021-12-21 10:09:42: Copy New 'ftp://ftp.lukebennis.com:21/public_html/ds-master/Icons Master/Icon/like.svg' -> 'G:/My Drive/Social Pinpoint/Product/Design System/DS Master/master-styles/Icons Master/Icon/like.svg' (1,364)
2021-12-21 10:09:42: Copy New 'ftp://ftp.lukebennis.com:21/public_html/ds-master/Icons Master/Icon/like-accent.svg' -> 'G:/My Drive/Social Pinpoint/Product/Design System/DS Master/master-styles/Icons Master/Icon/like-accent.svg' (2,825)
2021-12-21 10:09:42: Copy New 'ftp://ftp.lukebennis.com:21/public_html/ds-master/Icons Master/Icon/line.svg' -> 'G:/My Drive/Social Pinpoint/Product/Design System/DS Master/master-styles/Icons Master/Icon/line.svg' (491)
2021-12-21 10:09:42: Copy New 'ftp://ftp.lukebennis.com:21/public_html/ds-master/Icons Master/Icon/link.svg' -> 'G:/My Drive/Social Pinpoint/Product/Design System/DS Master/master-styles/Icons Master/Icon/link.svg' (2,337)
2021-12-21 10:09:42: Copy New 'ftp://ftp.lukebennis.com:21/public_html/ds-master/Icons Master/Icon/location.svg' -> 'G:/My Drive/Social Pinpoint/Product/Design System/DS Master/master-styles/Icons Master/Icon/location.svg' (2,421)
2021-12-21 10:09:42: Copy New 'ftp://ftp.lukebennis.com:21/public_html/ds-master/Icons Master/Icon/lock.svg' -> 'G:/My Drive/Social Pinpoint/Product/Design System/DS Master/master-styles/Icons Master/Icon/lock.svg' (804)
2021-12-21 10:09:43: Copy New 'ftp://ftp.lukebennis.com:21/public_html/ds-master/Icons Master/Icon/map-marker.svg' -> 'G:/My Drive/Social Pinpoint/Product/Design System/DS Master/master-styles/Icons Master/Icon/map-marker.svg' (983)
2021-12-21 10:09:43: Copy New 'ftp://ftp.lukebennis.com:21/public_html/ds-master/Icons Master/Icon/map-1.svg' -> 'G:/My Drive/Social Pinpoint/Product/Design System/DS Master/master-styles/Icons Master/Icon/map-1.svg' (1,243)
2021-12-21 10:09:43: Copy New 'ftp://ftp.lukebennis.com:21/public_html/ds-master/Icons Master/Icon/map.svg' -> 'G:/My Drive/Social Pinpoint/Product/Design System/DS Master/master-styles/Icons Master/Icon/map.svg' (1,259)
2021-12-21 10:09:43: Copy New 'ftp://ftp.lukebennis.com:21/public_html/ds-master/Icons Master/Icon/menu.svg' -> 'G:/My Drive/Social Pinpoint/Product/Design System/DS Master/master-styles/Icons Master/Icon/menu.svg' (1,165)
2021-12-21 10:09:43: Copy New 'ftp://ftp.lukebennis.com:21/public_html/ds-master/Icons Master/Icon/money.svg' -> 'G:/My Drive/Social Pinpoint/Product/Design System/DS Master/master-styles/Icons Master/Icon/money.svg' (5,954)
2021-12-21 10:09:43: Copy New 'ftp://ftp.lukebennis.com:21/public_html/ds-master/Icons Master/Icon/mobile.svg' -> 'G:/My Drive/Social Pinpoint/Product/Design System/DS Master/master-styles/Icons Master/Icon/mobile.svg' (1,034)
2021-12-21 10:09:43: Copy New 'ftp://ftp.lukebennis.com:21/public_html/ds-master/Icons Master/Icon/move.svg' -> 'G:/My Drive/Social Pinpoint/Product/Design System/DS Master/master-styles/Icons Master/Icon/move.svg' (1,904)
2021-12-21 10:09:43: Copy New 'ftp://ftp.lukebennis.com:21/public_html/ds-master/Icons Master/Icon/Notification.svg' -> 'G:/My Drive/Social Pinpoint/Product/Design System/DS Master/master-styles/Icons Master/Icon/Notification.svg' (1,061)
2021-12-21 10:09:43: Copy New 'ftp://ftp.lukebennis.com:21/public_html/ds-master/Icons Master/Icon/news.svg' -> 'G:/My Drive/Social Pinpoint/Product/Design System/DS Master/master-styles/Icons Master/Icon/news.svg' (1,880)
2021-12-21 10:09:43: Copy New 'ftp://ftp.lukebennis.com:21/public_html/ds-master/Icons Master/Icon/options-horizontal.svg' -> 'G:/My Drive/Social Pinpoint/Product/Design System/DS Master/master-styles/Icons Master/Icon/options-horizontal.svg' (613)
2021-12-21 10:09:44: Copy New 'ftp://ftp.lukebennis.com:21/public_html/ds-master/Icons Master/Icon/options-vertical.svg' -> 'G:/My Drive/Social Pinpoint/Product/Design System/DS Master/master-styles/Icons Master/Icon/options-vertical.svg' (868)
2021-12-21 10:09:44: Copy New 'ftp://ftp.lukebennis.com:21/public_html/ds-master/Icons Master/Icon/phases.svg' -> 'G:/My Drive/Social Pinpoint/Product/Design System/DS Master/master-styles/Icons Master/Icon/phases.svg' (2,536)
2021-12-21 10:09:44: Copy New 'ftp://ftp.lukebennis.com:21/public_html/ds-master/Icons Master/Icon/page.svg' -> 'G:/My Drive/Social Pinpoint/Product/Design System/DS Master/master-styles/Icons Master/Icon/page.svg' (1,221)
2021-12-21 10:09:44: Copy New 'ftp://ftp.lukebennis.com:21/public_html/ds-master/Icons Master/Icon/pin.svg' -> 'G:/My Drive/Social Pinpoint/Product/Design System/DS Master/master-styles/Icons Master/Icon/pin.svg' (799)
2021-12-21 10:09:44: Copy New 'ftp://ftp.lukebennis.com:21/public_html/ds-master/Icons Master/Icon/project-stats.svg' -> 'G:/My Drive/Social Pinpoint/Product/Design System/DS Master/master-styles/Icons Master/Icon/project-stats.svg' (1,433)
2021-12-21 10:09:44: Copy New 'ftp://ftp.lukebennis.com:21/public_html/ds-master/Icons Master/Icon/polygon.svg' -> 'G:/My Drive/Social Pinpoint/Product/Design System/DS Master/master-styles/Icons Master/Icon/polygon.svg' (1,286)
2021-12-21 10:09:44: Copy New 'ftp://ftp.lukebennis.com:21/public_html/ds-master/Icons Master/Icon/project-list.svg' -> 'G:/My Drive/Social Pinpoint/Product/Design System/DS Master/master-styles/Icons Master/Icon/project-list.svg' (538)
2021-12-21 10:09:44: Copy New 'ftp://ftp.lukebennis.com:21/public_html/ds-master/Icons Master/Icon/project.svg' -> 'G:/My Drive/Social Pinpoint/Product/Design System/DS Master/master-styles/Icons Master/Icon/project.svg' (637)
2021-12-21 10:09:45: Copy New 'ftp://ftp.lukebennis.com:21/public_html/ds-master/Icons Master/Icon/qr-code.svg' -> 'G:/My Drive/Social Pinpoint/Product/Design System/DS Master/master-styles/Icons Master/Icon/qr-code.svg' (1,054)
2021-12-21 10:09:45: Copy New 'ftp://ftp.lukebennis.com:21/public_html/ds-master/Icons Master/Icon/radio-false.svg' -> 'G:/My Drive/Social Pinpoint/Product/Design System/DS Master/master-styles/Icons Master/Icon/radio-false.svg' (423)
2021-12-21 10:09:45: Copy New 'ftp://ftp.lukebennis.com:21/public_html/ds-master/Icons Master/Icon/Question.svg' -> 'G:/My Drive/Social Pinpoint/Product/Design System/DS Master/master-styles/Icons Master/Icon/Question.svg' (1,203)
2021-12-21 10:09:45: Copy New 'ftp://ftp.lukebennis.com:21/public_html/ds-master/Icons Master/Icon/radio-true.svg' -> 'G:/My Drive/Social Pinpoint/Product/Design System/DS Master/master-styles/Icons Master/Icon/radio-true.svg' (660)
2021-12-21 10:09:45: Copy New 'ftp://ftp.lukebennis.com:21/public_html/ds-master/Icons Master/Icon/rotate.svg' -> 'G:/My Drive/Social Pinpoint/Product/Design System/DS Master/master-styles/Icons Master/Icon/rotate.svg' (2,401)
2021-12-21 10:09:45: Copy New 'ftp://ftp.lukebennis.com:21/public_html/ds-master/Icons Master/Icon/refresh.svg' -> 'G:/My Drive/Social Pinpoint/Product/Design System/DS Master/master-styles/Icons Master/Icon/refresh.svg' (1,389)
2021-12-21 10:09:45: Copy New 'ftp://ftp.lukebennis.com:21/public_html/ds-master/Icons Master/Icon/save.svg' -> 'G:/My Drive/Social Pinpoint/Product/Design System/DS Master/master-styles/Icons Master/Icon/save.svg' (881)
2021-12-21 10:09:45: Copy New 'ftp://ftp.lukebennis.com:21/public_html/ds-master/Icons Master/Icon/search.svg' -> 'G:/My Drive/Social Pinpoint/Product/Design System/DS Master/master-styles/Icons Master/Icon/search.svg' (480)
2021-12-21 10:09:45: Copy New 'ftp://ftp.lukebennis.com:21/public_html/ds-master/Icons Master/Icon/section.svg' -> 'G:/My Drive/Social Pinpoint/Product/Design System/DS Master/master-styles/Icons Master/Icon/section.svg' (747)
2021-12-21 10:09:46: Copy New 'ftp://ftp.lukebennis.com:21/public_html/ds-master/Icons Master/Icon/Share.svg' -> 'G:/My Drive/Social Pinpoint/Product/Design System/DS Master/master-styles/Icons Master/Icon/Share.svg' (814)
2021-12-21 10:09:46: Copy New 'ftp://ftp.lukebennis.com:21/public_html/ds-master/Icons Master/Icon/Send.svg' -> 'G:/My Drive/Social Pinpoint/Product/Design System/DS Master/master-styles/Icons Master/Icon/Send.svg' (710)
2021-12-21 10:09:46: Copy New 'ftp://ftp.lukebennis.com:21/public_html/ds-master/Icons Master/Icon/settings.svg' -> 'G:/My Drive/Social Pinpoint/Product/Design System/DS Master/master-styles/Icons Master/Icon/settings.svg' (1,530)
2021-12-21 10:09:46: Copy New 'ftp://ftp.lukebennis.com:21/public_html/ds-master/Icons Master/Icon/square.svg' -> 'G:/My Drive/Social Pinpoint/Product/Design System/DS Master/master-styles/Icons Master/Icon/square.svg' (946)
2021-12-21 10:09:46: Copy New 'ftp://ftp.lukebennis.com:21/public_html/ds-master/Icons Master/Icon/sort.svg' -> 'G:/My Drive/Social Pinpoint/Product/Design System/DS Master/master-styles/Icons Master/Icon/sort.svg' (1,266)
2021-12-21 10:09:46: Copy New 'ftp://ftp.lukebennis.com:21/public_html/ds-master/Icons Master/Icon/slider.svg' -> 'G:/My Drive/Social Pinpoint/Product/Design System/DS Master/master-styles/Icons Master/Icon/slider.svg' (811)
2021-12-21 10:09:46: Copy New 'ftp://ftp.lukebennis.com:21/public_html/ds-master/Icons Master/Icon/survey.svg' -> 'G:/My Drive/Social Pinpoint/Product/Design System/DS Master/master-styles/Icons Master/Icon/survey.svg' (4,222)
2021-12-21 10:09:46: Copy New 'ftp://ftp.lukebennis.com:21/public_html/ds-master/Icons Master/Icon/star.svg' -> 'G:/My Drive/Social Pinpoint/Product/Design System/DS Master/master-styles/Icons Master/Icon/star.svg' (747)
2021-12-21 10:09:46: Copy New 'ftp://ftp.lukebennis.com:21/public_html/ds-master/Icons Master/Icon/star-solid.svg' -> 'G:/My Drive/Social Pinpoint/Product/Design System/DS Master/master-styles/Icons Master/Icon/star-solid.svg' (928)
2021-12-21 10:09:46: Copy New 'ftp://ftp.lukebennis.com:21/public_html/ds-master/Icons Master/Icon/tablet.svg' -> 'G:/My Drive/Social Pinpoint/Product/Design System/DS Master/master-styles/Icons Master/Icon/tablet.svg' (1,026)
2021-12-21 10:09:47: Copy New 'ftp://ftp.lukebennis.com:21/public_html/ds-master/Icons Master/Icon/text.svg' -> 'G:/My Drive/Social Pinpoint/Product/Design System/DS Master/master-styles/Icons Master/Icon/text.svg' (670)
2021-12-21 10:09:47: Copy New 'ftp://ftp.lukebennis.com:21/public_html/ds-master/Icons Master/Icon/tag.svg' -> 'G:/My Drive/Social Pinpoint/Product/Design System/DS Master/master-styles/Icons Master/Icon/tag.svg' (1,106)
2021-12-21 10:09:47: Copy New 'ftp://ftp.lukebennis.com:21/public_html/ds-master/Icons Master/Icon/tick.svg' -> 'G:/My Drive/Social Pinpoint/Product/Design System/DS Master/master-styles/Icons Master/Icon/tick.svg' (534)
2021-12-21 10:09:47: Copy New 'ftp://ftp.lukebennis.com:21/public_html/ds-master/Icons Master/Icon/ticket.svg' -> 'G:/My Drive/Social Pinpoint/Product/Design System/DS Master/master-styles/Icons Master/Icon/ticket.svg' (1,432)
2021-12-21 10:09:47: Copy New 'ftp://ftp.lukebennis.com:21/public_html/ds-master/Icons Master/Icon/upload.svg' -> 'G:/My Drive/Social Pinpoint/Product/Design System/DS Master/master-styles/Icons Master/Icon/upload.svg' (855)
2021-12-21 10:09:47: Copy New 'ftp://ftp.lukebennis.com:21/public_html/ds-master/Icons Master/Icon/url.svg' -> 'G:/My Drive/Social Pinpoint/Product/Design System/DS Master/master-styles/Icons Master/Icon/url.svg' (1,323)
2021-12-21 10:09:47: Copy New 'ftp://ftp.lukebennis.com:21/public_html/ds-master/Icons Master/Icon/unlock.svg' -> 'G:/My Drive/Social Pinpoint/Product/Design System/DS Master/master-styles/Icons Master/Icon/unlock.svg' (883)
2021-12-21 10:09:48: Copy New 'ftp://ftp.lukebennis.com:21/public_html/ds-master/Icons Master/Icon/user-circled.svg' -> 'G:/My Drive/Social Pinpoint/Product/Design System/DS Master/master-styles/Icons Master/Icon/user-circled.svg' (5,820)
2021-12-21 10:09:48: Copy New 'ftp://ftp.lukebennis.com:21/public_html/ds-master/Icons Master/Icon/user.svg' -> 'G:/My Drive/Social Pinpoint/Product/Design System/DS Master/master-styles/Icons Master/Icon/user.svg' (1,127)
2021-12-21 10:09:48: Copy New 'ftp://ftp.lukebennis.com:21/public_html/ds-master/Icons Master/Icon/utm.svg' -> 'G:/My Drive/Social Pinpoint/Product/Design System/DS Master/master-styles/Icons Master/Icon/utm.svg' (1,390)
2021-12-21 10:09:48: Copy New 'ftp://ftp.lukebennis.com:21/public_html/ds-master/Icons Master/Icon/virtual-townhall.svg' -> 'G:/My Drive/Social Pinpoint/Product/Design System/DS Master/master-styles/Icons Master/Icon/virtual-townhall.svg' (2,851)
2021-12-21 10:09:48: Copy New 'ftp://ftp.lukebennis.com:21/public_html/ds-master/Icons Master/Icon/vertical-space.svg' -> 'G:/My Drive/Social Pinpoint/Product/Design System/DS Master/master-styles/Icons Master/Icon/vertical-space.svg' (526)
2021-12-21 10:09:48: Copy New 'ftp://ftp.lukebennis.com:21/public_html/ds-master/Icons Master/Icon/video.svg' -> 'G:/My Drive/Social Pinpoint/Product/Design System/DS Master/master-styles/Icons Master/Icon/video.svg' (1,820)
2021-12-21 10:09:48: Copy New 'ftp://ftp.lukebennis.com:21/public_html/ds-master/Icons Master/Icon/visible-false.svg' -> 'G:/My Drive/Social Pinpoint/Product/Design System/DS Master/master-styles/Icons Master/Icon/visible-false.svg' (1,835)
2021-12-21 10:09:48: Copy New 'ftp://ftp.lukebennis.com:21/public_html/ds-master/Icons Master/Icon/visible-true.svg' -> 'G:/My Drive/Social Pinpoint/Product/Design System/DS Master/master-styles/Icons Master/Icon/visible-true.svg' (1,140)
2021-12-21 10:09:48: Copy New 'ftp://ftp.lukebennis.com:21/public_html/ds-master/Icons Master/Icon/wand.svg' -> 'G:/My Drive/Social Pinpoint/Product/Design System/DS Master/master-styles/Icons Master/Icon/wand.svg' (2,344)
2021-12-21 10:09:49: Copy New 'ftp://ftp.lukebennis.com:21/public_html/ds-master/Icons Master/Icon/widget.svg' -> 'G:/My Drive/Social Pinpoint/Product/Design System/DS Master/master-styles/Icons Master/Icon/widget.svg' (1,094)
2021-12-21 10:09:49: Copy New 'ftp://ftp.lukebennis.com:21/public_html/ds-master/Icons Master/Icon/warning.svg' -> 'G:/My Drive/Social Pinpoint/Product/Design System/DS Master/master-styles/Icons Master/Icon/warning.svg' (2,297)
2021-12-21 10:09:49: Copy New 'ftp://ftp.lukebennis.com:21/public_html/ds-master/Icons Master/Rectangle 58.svg' -> 'G:/My Drive/Social Pinpoint/Product/Design System/DS Master/master-styles/Icons Master/Rectangle 58.svg' (262)
2021-12-21 10:09:49: Copy New 'ftp://ftp.lukebennis.com:21/public_html/ds-master/Icons Master/Rectangle 61.svg' -> 'G:/My Drive/Social Pinpoint/Product/Design System/DS Master/master-styles/Icons Master/Rectangle 61.svg' (263)
2021-12-21 10:09:49: Copy New 'ftp://ftp.lukebennis.com:21/public_html/ds-master/Icons Master/Rectangle 63.svg' -> 'G:/My Drive/Social Pinpoint/Product/Design System/DS Master/master-styles/Icons Master/Rectangle 63.svg' (263)
2021-12-21 10:09:49: Copy New 'ftp://ftp.lukebennis.com:21/public_html/ds-master/Icons Master/Vector 16.svg' -> 'G:/My Drive/Social Pinpoint/Product/Design System/DS Master/master-styles/Icons Master/Vector 16.svg' (196)
2021-12-21 10:09:49: Copy New 'ftp://ftp.lukebennis.com:21/public_html/ds-master/Icons Master/Vector 14.svg' -> 'G:/My Drive/Social Pinpoint/Product/Design System/DS Master/master-styles/Icons Master/Vector 14.svg' (196)
2021-12-21 10:09:49: Copy New 'ftp://ftp.lukebennis.com:21/public_html/ds-master/Icons Master/Rectangle 62.svg' -> 'G:/My Drive/Social Pinpoint/Product/Design System/DS Master/master-styles/Icons Master/Rectangle 62.svg' (263)
2021-12-21 10:09:50: Copy New 'ftp://ftp.lukebennis.com:21/public_html/ds-master/Icons Master/Vector 31.svg' -> 'G:/My Drive/Social Pinpoint/Product/Design System/DS Master/master-styles/Icons Master/Vector 31.svg' (254)
2021-12-21 10:09:50: Copy New 'ftp://ftp.lukebennis.com:21/public_html/ds-master/Icons Master/Vector 18.svg' -> 'G:/My Drive/Social Pinpoint/Product/Design System/DS Master/master-styles/Icons Master/Vector 18.svg' (204)
2021-12-21 10:09:50: Copy New 'ftp://ftp.lukebennis.com:21/public_html/ds-master/Icons Master/Vector 19.svg' -> 'G:/My Drive/Social Pinpoint/Product/Design System/DS Master/master-styles/Icons Master/Vector 19.svg' (206)
2021-12-21 10:09:50: Copy New 'ftp://ftp.lukebennis.com:21/public_html/ds-master/live/test-content-a.html' -> 'G:/My Drive/Social Pinpoint/Product/Design System/DS Master/master-styles/live/test-content-a.html' (213)
2021-12-21 10:09:50: Copy New 'ftp://ftp.lukebennis.com:21/public_html/ds-master/live/test-load.html' -> 'G:/My Drive/Social Pinpoint/Product/Design System/DS Master/master-styles/live/test-load.html' (1,034)
2021-12-21 10:09:50: Copy New 'ftp://ftp.lukebennis.com:21/public_html/ds-master/live/test-content-b.html' -> 'G:/My Drive/Social Pinpoint/Product/Design System/DS Master/master-styles/live/test-content-b.html' (217)
2021-12-21 10:09:51: Copy New 'ftp://ftp.lukebennis.com:21/public_html/ds-master/Master Styles/SPP-iw-master-styles.css' -> 'G:/My Drive/Social Pinpoint/Product/Design System/DS Master/master-styles/Master Styles/SPP-iw-master-styles.css' (11,834)
2021-12-21 10:09:51: Copy New 'ftp://ftp.lukebennis.com:21/public_html/ds-master/Master Styles/SPP-DS-V1-styles-master.css' -> 'G:/My Drive/Social Pinpoint/Product/Design System/DS Master/master-styles/Master Styles/SPP-DS-V1-styles-master.css' (32,517)
2021-12-21 10:09:51: Copy New 'ftp://ftp.lukebennis.com:21/public_html/ds-master/master-js.js' -> 'G:/My Drive/Social Pinpoint/Product/Design System/DS Master/master-styles/master-js.js' (185)
2021-12-21 10:09:51: Copy New 'ftp://ftp.lukebennis.com:21/public_html/ds-master/Master Styles/SPP-DS-PF-styles-master.css' -> 'G:/My Drive/Social Pinpoint/Product/Design System/DS Master/master-styles/Master Styles/SPP-DS-PF-styles-master.css' (20,729)
2021-12-21 10:09:51: Copy New 'ftp://ftp.lukebennis.com:21/public_html/ds-master/mockups/Components/assets/saved-widget-preview-img.png' -> 'G:/My Drive/Social Pinpoint/Product/Design System/DS Master/master-styles/mockups/Components/assets/saved-widget-preview-img.png' (43,230)
2021-12-21 10:09:52: Copy New 'ftp://ftp.lukebennis.com:21/public_html/ds-master/mockups/misc/hybrid-surveys.html' -> 'G:/My Drive/Social Pinpoint/Product/Design System/DS Master/master-styles/mockups/misc/hybrid-surveys.html' (2,876)
2021-12-21 10:09:52: Copy New 'ftp://ftp.lukebennis.com:21/public_html/ds-master/mockups/Components/Sketch-pages-widget-sidebar.html' -> 'G:/My Drive/Social Pinpoint/Product/Design System/DS Master/master-styles/mockups/Components/Sketch-pages-widget-sidebar.html' (9,643)
2021-12-21 10:09:52: Copy New 'ftp://ftp.lukebennis.com:21/public_html/ds-master/mockups/Components/Sketch-modal.html' -> 'G:/My Drive/Social Pinpoint/Product/Design System/DS Master/master-styles/mockups/Components/Sketch-modal.html' (6,298)
2021-12-21 10:09:52: Copy New 'ftp://ftp.lukebennis.com:21/public_html/ds-master/mockups/Tools/idea-wall/iw-add-comment.html' -> 'G:/My Drive/Social Pinpoint/Product/Design System/DS Master/master-styles/mockups/Tools/idea-wall/iw-add-comment.html' (10,904)
2021-12-21 10:09:52: Copy New 'ftp://ftp.lukebennis.com:21/public_html/ds-master/mockups/Tools/idea-wall/iw-add-comment-2.html' -> 'G:/My Drive/Social Pinpoint/Product/Design System/DS Master/master-styles/mockups/Tools/idea-wall/iw-add-comment-2.html' (6,635)
2021-12-21 10:09:52: Copy New 'ftp://ftp.lukebennis.com:21/public_html/ds-master/mockups/misc/pf-ui-elements.html' -> 'G:/My Drive/Social Pinpoint/Product/Design System/DS Master/master-styles/mockups/misc/pf-ui-elements.html' (1,774)
2021-12-21 10:09:52: Copy New 'ftp://ftp.lukebennis.com:21/public_html/ds-master/mockups/Tools/idea-wall/iw-comment-card.html' -> 'G:/My Drive/Social Pinpoint/Product/Design System/DS Master/master-styles/mockups/Tools/idea-wall/iw-comment-card.html' (15,270)
2021-12-21 10:09:53: Copy New 'G:/My Drive/Social Pinpoint/Product/Design System/DS Master/master-styles/SPP-DS-PF-styles-master.css' -> 'ftp://ftp.lukebennis.com:21/public_html/ds-master/SPP-DS-PF-styles-master.css' (20,729)
2021-12-21 10:09:53: Copy New 'G:/My Drive/Social Pinpoint/Product/Design System/DS Master/master-styles/SPP-DS-V1-styles-master.css' -> 'ftp://ftp.lukebennis.com:21/public_html/ds-master/SPP-DS-V1-styles-master.css' (32,517)
2021-12-21 10:09:53: Copy New 'G:/My Drive/Social Pinpoint/Product/Design System/DS Master/master-styles/SPP-iw-master-styles.css' -> 'ftp://ftp.lukebennis.com:21/public_html/ds-master/SPP-iw-master-styles.css' (11,834)
2021-12-21 10:09:55: == Sync Complete. Time: 00:00:33, Speed: 500.07 KB/s, OK: 194, Errors: 0
